!
#
'
(
*
+
+LOOP
,
-
.
."
/
0<
0=
1+
1-
:
;
<
=
>
>BODY
>IN
>NUMBER
>R
?DUP
@
%
ABS
ACCEPT
ALLOT
AND
BASE
BEGIN
BL
C!
C,
C@
CHAR
CONSTANT
CR
CREATE
DEPTH
DO
DROP
DUP
ELSE
EMIT
EVALUATE
XECUTE
EXIT
FILL
HERE
I
IF
IMMEDIATE
INVERT
J
KEY
LEAVE
LITERAL
LOOP
LSHIFT
M*
MAX
MIN
MOVE
NEGATE
OR
OVER
POSTPONE
QUIT
R>
R@
REPEAT
ROT
RSHIFT
S"
S>D
SIGN
SOURCE
SPACE
SPACES
STATE
SWAP
THEN
TYPE
U.
U<
UNLOOP
UNTIL
VARIABLE
WHILE
WORD
XOR
[
[']
[CHAR]
]

AGAIN
BUFFER:
C"
ERASE
FALSE
NIP
PAD
PICK
S\"
TO
TRUE
TUCK
WITHIN
\
