# -- most common character by frequency:
# ' eta onhs irdl umwc fyg, p.b\" vIkH '-TWM ?SAx BYq! CNjL D0EP ..."

 657441  
 336990 e
 239909 t
 219452 a

 212633 o
 179698 n
 174782 h
 167931 s

 167445 i
 156103 r
 116602 d
 106902 l

  82807 u
  70524 m
  66644 w
  65713 c

  56163 f
  55092 y
  48584 g
  44179 ,

  41520 p
  41101 .
  36332 b
  30368 "

  27565 v
  22046 I
  21808 k
   8702 H
   8514 '
   8378 -
   8151 T
   5993 W
   5332 M
   4861 ?
   4714 S
   4456 A
   4137 x
   3619 B
   2724 Y
   2285 q
   2206 !
   2187 C
   2033 N
   1954 j
   1854 L
   1688 D
   1680 O
   1488 E
   1433 P
   1332 G
   1251 z
   1217 F
   1180 ;
    879 R
    842 J
    463 V
    304 :
    265 1
    247 K
    243 U
    156 0
    136 8
    121 3
    120 2
    105 4
    104 Q
     74 7
     69 9
     65 5
     61 6
     53 Ã
     46 Â
     41 £
     32 ]
     32 [
     28 ©
     24 &
     22 )
     22 (
     18 X
     13 Z
      7 `
      4 ±
      4 °
      4 ª
      4 ¨
      4  
      3 /
      2 ®
      2 Ÿ
      2 >
      2 *
      1 â
      1 ½
      1 ¼
      1 »
      1 ¶
      1 ´
      1 ¢
      1 ™
      1 €
      1 <
      1 %
      1 	
